ready
./runmake.sh: line 44: cleartool: command not found

[47;32m[5m using variable 'BUILD=debug_gcov_13' for load [0m

 ################################################################################
 #   clearmake ' load' in 'gnu'
 ################################################################################
  .. making /hix/gpon_cxu_f/os/linux-2.4/include/linux/modversions.h

 ################################################################################
 #   make ' ARCH=ppc /hix/gpon_cxu_f/os/linux-2.4/include/linux/modversions.h' in '/hix/gpon_cxu_f/os/linux-2.4'
 ################################################################################
clearmake[1]: Entering directory `/hix/gpon_cxu_f/os/linux-2.4'
`/hix/gpon_cxu_f/os/linux-2.4/include/linux/modversions.h' is up to date.
clearmake[1]: Leaving directory `/hix/gpon_cxu_f/os/linux-2.4'

	make -C /hix/gpon_ramdisk/Files/base

 ################################################################################
 #   make '' in '/hix/gpon_ramdisk/Files/base'
 ################################################################################
clearmake[1]: Entering directory `/hix/gpon_ramdisk/Files/base'
`all' is up to date.
clearmake[1]: Leaving directory `/hix/gpon_ramdisk/Files/base'
	make -C  ./make SIZE=32000 all

 ################################################################################
 #   make ' SIZE=32000 all' in './make'
 ################################################################################
clearmake[1]: Entering directory `/hix/gpon_cxu_f/make'
	make -C ../os/linux-2.4  include/linux/version.h

 ################################################################################
 #   make ' include/linux/version.h' in '../os/linux-2.4'
 ################################################################################
clearmake[2]: Entering directory `/hix/gpon_cxu_f/os/linux-2.4'

clearmake[2]: Leaving directory `/hix/gpon_cxu_f/os/linux-2.4'

	make -f Makefile ramdisk-build-parallel

 ################################################################################
 #   make ' -f Makefile ramdisk-build-parallel' in ''
 ################################################################################
clearmake[2]: Entering directory `/hix/gpon_cxu_f/make'
-------------------------------------
building /hix/gpon_ramdisk/apply_model_diff
-------------------------------------
	make -C /hix/gpon_ramdisk/apply_model_diff;

 ################################################################################
 #   make '' in '/hix/gpon_ramdisk/apply_model_diff'
 ################################################################################
clearmake[3]: Entering directory `/hix/gpon_ramdisk/apply_model_diff'
	ppc_82xx-gcc -o apply_model_diff-7.72 apply_model_diff-7.72.c
apply_model_diff-7.72.c: In function `adjust_snmpoid':
apply_model_diff-7.72.c:121: warning: assignment makes pointer from integer without a cast

clearmake[3]: Leaving directory `/hix/gpon_ramdisk/apply_model_diff'

	make -C /hix/gpon_cxu_f/os/linux-2.4 modules

 ################################################################################
 #   make ' modules' in '/hix/gpon_cxu_f/os/linux-2.4'
 ################################################################################
clearmake[3]: Entering directory `/hix/gpon_cxu_f/os/linux-2.4'
	make -C   kernel CFLAGS="-D__KERNEL__ -I/hix/gpon_cxu_f/os/linux-2.4/include -I/vobs/cots/eldk/eldk2.1/usr/lib/gcc-lib/ppc-linux/2.95.4/include -I/hix/gpon_cxu_f/os/linux-2.4/arch/ppc/platforms -Wall -Wstrict-prototypes -Wno-trigraphs -O2 -fno-strict-aliasing -fno-common -I. -D__CONFIG_DASAN_BCM__ -D__CONFIG_DASAN_SWITCH__ -D__CONFIG_SKBUFF_FREE_QUEUE__ -fomit-frame-pointer -D__CONFIG_SIEMENS_SWITCH__ -I/hix/gpon_cxu_f/os/linux-2.4/arch/ppc -fsigned-char -msoft-float -pipe -ffixed-r2 -Wno-uninitialized -mmultiple -mstring -I/hix/gpon_cxu_f/os/linux-2.4/drivers/cxu_f/siemenslib/include -fprofile-arcs -ftest-coverage -DMODULE" MAKING_MODULES=1 modules

 ################################################################################
 #   make ' CFLAGS=-D__KERNEL__ -I/hix/gpon_cxu_f/os/linux-2.4/include -I/vobs/cots/eldk/eldk2.1/usr/lib/gcc-lib/ppc-linux/2.95.4/include -I/hix/gpon_cxu_f/os/linux-2.4/arch/ppc/platforms -Wall -Wstrict-prototypes -Wno-trigraphs -O2 -fno-strict-aliasing -fno-common -I. -D__CONFIG_DASAN_BCM__ -D__CONFIG_DASAN_SWITCH__ -D__CONFIG_SKBUFF_FREE_QUEUE__ -fomit-frame-pointer -D__CONFIG_SIEMENS_SWITCH__ -I/hix/gpon_cxu_f/os/linux-2.4/arch/ppc -fsigned-char -msoft-float -pipe -ffixed-r2 -Wno-uninitialized -mmultiple -mstring -I/hix/gpon_cxu_f/os/linux-2.4/drivers/cxu_f/siemenslib/include -fprofile-arcs -ftest-coverage -DMODULE MAKING_MODULES=1 modules' in 'kernel'
 ################################################################################
clearmake[4]: Entering directory `/vobs/cots/linux-2.4/kernel'
`modules' is up to date.
clearmake[4]: Leaving directory `/vobs/cots/linux-2.4/kernel'

	make -C   drivers CFLAGS="-D__KERNEL__ -I/hix/gpon_cxu_f/os/linux-2.4/include -I/vobs/cots/eldk/eldk2.1/usr/lib/gcc-lib/ppc-linux/2.95.4/include -I/hix/gpon_cxu_f/os/linux-2.4/arch/ppc/platforms -Wall -Wstrict-prototypes -Wno-trigraphs -O2 -fno-strict-aliasing -fno-common -I. -D__CONFIG_DASAN_BCM__ -D__CONFIG_DASAN_SWITCH__ -D__CONFIG_SKBUFF_FREE_QUEUE__ -fomit-frame-pointer -D__CONFIG_SIEMENS_SWITCH__ -I/hix/gpon_cxu_f/os/linux-2.4/arch/ppc -fsigned-char -msoft-float -pipe -ffixed-r2 -Wno-uninitialized -mmultiple -mstring -I/hix/gpon_cxu_f/os/linux-2.4/drivers/cxu_f/siemenslib/include -fprofile-arcs -ftest-coverage -DMODULE" MAKING_MODULES=1 modules

 ################################################################################
 #   make ' CFLAGS=-D__KERNEL__ -I/hix/gpon_cxu_f/os/linux-2.4/include -I/vobs/cots/eldk/eldk2.1/usr/lib/gcc-lib/ppc-linux/2.95.4/include -I/hix/gpon_cxu_f/os/linux-2.4/arch/ppc/platforms -Wall -Wstrict-prototypes -Wno-trigraphs -O2 -fno-strict-aliasing -fno-common -I. -D__CONFIG_DASAN_BCM__ -D__CONFIG_DASAN_SWITCH__ -D__CONFIG_SKBUFF_FREE_QUEUE__ -fomit-frame-pointer -D__CONFIG_SIEMENS_SWITCH__ -I/hix/gpon_cxu_f/os/linux-2.4/arch/ppc -fsigned-char -msoft-float -pipe -ffixed-r2 -Wno-uninitialized -mmultiple -mstring -I/hix/gpon_cxu_f/os/linux-2.4/drivers/cxu_f/siemenslib/include -fprofile-arcs -ftest-coverage -DMODULE MAKING_MODULES=1 modules' in 'drivers'
 ################################################################################
clearmake[4]: Entering directory `/vobs/cots/linux-2.4/drivers'
	make -C block modules

 ################################################################################
 #   make ' modules' in 'block'
 ################################################################################
clearmake[5]: Entering directory `/vobs/cots/linux-2.4/drivers/block'
`modules' is up to date.
clearmake[5]: Leaving directory `/vobs/cots/linux-2.4/drivers/block'

	make -C cdrom modules

 ################################################################################
 #   make ' modules' in 'cdrom'
 ################################################################################
clearmake[5]: Entering directory `/vobs/cots/linux-2.4/drivers/cdrom'
`modules' is up to date.
clearmake[5]: Leaving directory `/vobs/cots/linux-2.4/drivers/cdrom'

	make -C char modules

 ################################################################################
 #   make ' modules' in 'char'
 ################################################################################
clearmake[5]: Entering directory `/vobs/cots/linux-2.4/drivers/char'
`modules' is up to date.
clearmake[5]: Leaving directory `/vobs/cots/linux-2.4/drivers/char'

	make -C cxu_f modules

 ################################################################################
 #   make ' modules' in 'cxu_f'
 ################################################################################
clearmake[5]: Entering directory `/hix/gpon_cxu_f/gpon_kernel-2.4/drivers/cxu_f'
	ppc_82xx-gcc -D__KERNEL__ -I/hix/gpon_cxu_f/os/linux-2.4/include -I/vobs/cots/eldk/eldk2.1/usr/lib/gcc-lib/ppc-linux/2.95.4/include -I/hix/gpon_cxu_f/os/linux-2.4/arch/ppc/platforms -Wall -Wstrict-prototypes -Wno-trigraphs -O2 -fno-strict-aliasing -fno-common -I. -D__CONFIG_DASAN_BCM__ -D__CONFIG_DASAN_SWITCH__ -D__CONFIG_SKBUFF_FREE_QUEUE__ -fomit-frame-pointer -D__CONFIG_SIEMENS_SWITCH__ -I/hix/gpon_cxu_f/os/linux-2.4/arch/ppc -fsigned-char -msoft-float -pipe -ffixed-r2 -Wno-uninitialized -mmultiple -mstring -I/hix/gpon_cxu_f/os/linux-2.4/drivers/cxu_f/siemenslib/include -fprofile-arcs -ftest-coverage -DMODULE  -nostdinc -iwithprefix include -DKBUILD_BASENAME=dump  -c -o dump/dump.o dump/dump.c
dump/dump.c:109: warning: #warning #### __DUMP_PRINT_LEVEL_DEBUG__ ####
dump/dump.c:1003: warning: function declaration isn't a prototype
dump/dump.c:1014: warning: function declaration isn't a prototype

	make -C alarm modules

 ################################################################################
 #   make ' modules' in 'alarm'
 ################################################################################
clearmake[6]: Entering directory `/hix/gpon_cxu_f/gpon_kernel-2.4/drivers/cxu_f/alarm'
	ppc_82xx-gcc -D__KERNEL__ -I/hix/gpon_cxu_f/os/linux-2.4/include -I/vobs/cots/eldk/eldk2.1/usr/lib/gcc-lib/ppc-linux/2.95.4/include -I/hix/gpon_cxu_f/os/linux-2.4/arch/ppc/platforms -Wall -Wstrict-prototypes -Wno-trigraphs -O2 -fno-strict-aliasing -fno-common -I. -D__CONFIG_DASAN_BCM__ -D__CONFIG_DASAN_SWITCH__ -D__CONFIG_SKBUFF_FREE_QUEUE__ -fomit-frame-pointer -D__CONFIG_SIEMENS_SWITCH__ -I/hix/gpon_cxu_f/os/linux-2.4/arch/ppc -fsigned-char -msoft-float -pipe -ffixed-r2 -Wno-uninitialized -mmultiple -mstring -I/hix/gpon_cxu_f/os/linux-2.4/drivers/cxu_f/siemenslib/include -fprofile-arcs -ftest-coverage -DMODULE -DCXU_F -I/vobs/cots/linux-2.4/drivers/char/comdev  -o alarm.o -c alarm.c
alarm.c:37: warning: `__KERNEL__' redefined
*Initialization*:1: warning: this is the location of the previous definition
alarm.c: In function `almdrv_init':
alarm.c:101: warning: unused variable `regData'
alarm.c: At top level:
alarm.c:541: warning: function declaration isn't a prototype
alarm.c:546: warning: function declaration isn't a prototype

clearmake[6]: Leaving directory `/hix/gpon_cxu_f/gpon_kernel-2.4/drivers/cxu_f/alarm'

	make -C ds75 modules

 ################################################################################
 #   make ' modules' in 'ds75'
 ################################################################################
clearmake[6]: Entering directory `/hix/gpon_cxu_f/gpon_kernel-2.4/drivers/cxu_f/ds75'
	ppc_82xx-gcc -D__KERNEL__ -I/hix/gpon_cxu_f/os/linux-2.4/include -I/vobs/cots/eldk/eldk2.1/usr/lib/gcc-lib/ppc-linux/2.95.4/include -I/hix/gpon_cxu_f/os/linux-2.4/arch/ppc/platforms -Wall -Wstrict-prototypes -Wno-trigraphs -O2 -fno-strict-aliasing -fno-common -I. -D__CONFIG_DASAN_BCM__ -D__CONFIG_DASAN_SWITCH__ -D__CONFIG_SKBUFF_FREE_QUEUE__ -fomit-frame-pointer -D__CONFIG_SIEMENS_SWITCH__ -I/hix/gpon_cxu_f/os/linux-2.4/arch/ppc -fsigned-char -msoft-float -pipe -ffixed-r2 -Wno-uninitialized -mmultiple -mstring -I/hix/gpon_cxu_f/os/linux-2.4/drivers/cxu_f/siemenslib/include -fprofile-arcs -ftest-coverage -DMODULE -I/include -I/arch/ppc -I/arch/ppc/platforms -o ds75.o -c ds75.c

clearmake[6]: Leaving directory `/hix/gpon_cxu_f/gpon_kernel-2.4/drivers/cxu_f/ds75'

	make -C epcs modules

 ################################################################################
 #   make ' modules' in 'epcs'
 ################################################################################
clearmake[6]: Entering directory `/hix/gpon_cxu_f/gpon_kernel-2.4/drivers/cxu_f/epcs'
	ppc_82xx-gcc -D__KERNEL__ -I/hix/gpon_cxu_f/os/linux-2.4/include -I/vobs/cots/eldk/eldk2.1/usr/lib/gcc-lib/ppc-linux/2.95.4/include -I/hix/gpon_cxu_f/os/linux-2.4/arch/ppc/platforms -Wall -Wstrict-prototypes -Wno-trigraphs -O2 -fno-strict-aliasing -fno-common -I. -D__CONFIG_DASAN_BCM__ -D__CONFIG_DASAN_SWITCH__ -D__CONFIG_SKBUFF_FREE_QUEUE__ -fomit-frame-pointer -D__CONFIG_SIEMENS_SWITCH__ -I/hix/gpon_cxu_f/os/linux-2.4/arch/ppc -fsigned-char -msoft-float -pipe -ffixed-r2 -Wno-uninitialized -mmultiple -mstring -I/hix/gpon_cxu_f/os/linux-2.4/drivers/cxu_f/siemenslib/include -fprofile-arcs -ftest-coverage -DMODULE -DCXU_F -I../foglux/core -o epcs_dd.o -c epcs_dd.c

clearmake[6]: Leaving directory `/hix/gpon_cxu_f/gpon_kernel-2.4/drivers/cxu_f/epcs'

	make -C foglux/clock_sync modules

 ################################################################################
 #   make ' modules' in 'foglux/clock_sync'
 ################################################################################
clearmake[6]: Entering directory `/hix/gpon_cxu_f/gpon_kernel-2.4/drivers/cxu_f/foglux/clock_sync'
	ppc_82xx-gcc -D__KERNEL__ -I/hix/gpon_cxu_f/os/linux-2.4/include -I/vobs/cots/eldk/eldk2.1/usr/lib/gcc-lib/ppc-linux/2.95.4/include -I/hix/gpon_cxu_f/os/linux-2.4/arch/ppc/platforms -Wall -Wstrict-prototypes -Wno-trigraphs -O2 -fno-strict-aliasing -fno-common -I. -D__CONFIG_DASAN_BCM__ -D__CONFIG_DASAN_SWITCH__ -D__CONFIG_SKBUFF_FREE_QUEUE__ -fomit-frame-pointer -D__CONFIG_SIEMENS_SWITCH__ -I/hix/gpon_cxu_f/os/linux-2.4/arch/ppc -fsigned-char -msoft-float -pipe -ffixed-r2 -Wno-uninitialized -mmultiple -mstring -I/hix/gpon_cxu_f/os/linux-2.4/drivers/cxu_f/siemenslib/include -fprofile-arcs -ftest-coverage -DMODULE -DCONFIG_HIX5750_CXU_F -DMODULE -I../core -o foglux-clocksync.o -c clock_sync.c

clearmake[6]: Leaving directory `/hix/gpon_cxu_f/gpon_kernel-2.4/drivers/cxu_f/foglux/clock_sync'

	make -C foglux/core modules

 ################################################################################
 #   make ' modules' in 'foglux/core'
 ################################################################################
clearmake[6]: Entering directory `/hix/gpon_cxu_f/gpon_kernel-2.4/drivers/cxu_f/foglux/core'
	ppc_82xx-gcc -D__KERNEL__ -I/hix/gpon_cxu_f/os/linux-2.4/include -I/vobs/cots/eldk/eldk2.1/usr/lib/gcc-lib/ppc-linux/2.95.4/include -I/hix/gpon_cxu_f/os/linux-2.4/arch/ppc/platforms -Wall -Wstrict-prototypes -Wno-trigraphs -O2 -fno-strict-aliasing -fno-common -I. -D__CONFIG_DASAN_BCM__ -D__CONFIG_DASAN_SWITCH__ -D__CONFIG_SKBUFF_FREE_QUEUE__ -fomit-frame-pointer -D__CONFIG_SIEMENS_SWITCH__ -I/hix/gpon_cxu_f/os/linux-2.4/arch/ppc -fsigned-char -msoft-float -pipe -ffixed-r2 -Wno-uninitialized -mmultiple -mstring -I/hix/gpon_cxu_f/os/linux-2.4/drivers/cxu_f/siemenslib/include -fprofile-arcs -ftest-coverage -DMODULE -DCONFIG_HIX5750_CXU_F -I/vobs/cots/linux-2.4/drivers/cxu_f/comdev -o foglux-core.o -c foglux.c
cpp0: output pipe has been closed
{standard input}: Assembler messages:
{standard input}:0: Warning: end of file not at end of a line; newline inserted
{standard input}:247: Error: syntax error; found `
ppc_82xx-gcc: Internal compiler error: program cc1 got fatal signal 11
*** Error code 1
clearmake: Error: Build script failed for "foglux-core.o"

clearmake[6]: Leaving directory `/hix/gpon_cxu_f/gpon_kernel-2.4/drivers/cxu_f/foglux/core'
clearmake returned 1
*** Error code 99
clearmake: Error: Build script failed for "_modsubdir_foglux/core"

clearmake[5]: Leaving directory `/hix/gpon_cxu_f/gpon_kernel-2.4/drivers/cxu_f'
clearmake returned 1
*** Error code 99
clearmake: Error: Build script failed for "_modsubdir_cxu_f"

clearmake[4]: Leaving directory `/vobs/cots/linux-2.4/drivers'
clearmake returned 1
*** Error code 99
clearmake: Error: Build script failed for "_mod_drivers"

clearmake[3]: Leaving directory `/hix/gpon_cxu_f/os/linux-2.4'
clearmake returned 1
*** Error code 99
clearmake: Error: Build script failed for "modules-pre"

clearmake[2]: Leaving directory `/hix/gpon_cxu_f/make'
clearmake returned 1
*** Error code 99
clearmake: Error: Build script failed for "ramdisk-build"

clearmake[1]: Leaving directory `/hix/gpon_cxu_f/make'
clearmake returned 1
*** Error code 99
clearmake: Error: Build script failed for "ramdisk"

clearmake returned 1
